Analysis & Synthesis report for DECODIFICADOR
Mon Mar 18 01:04:25 2019
Quartus II 32-bit Version 13.0.1 Build 232 06/12/2013 Service Pack 1 SJ Web Edition


---------------------
; Table of Contents ;
---------------------
  1. Legal Notice
  2. Analysis & Synthesis Summary
  3. Analysis & Synthesis Settings
  4. Parallel Compilation
  5. Analysis & Synthesis Source Files Read
  6. Analysis & Synthesis Resource Usage Summary
  7. Analysis & Synthesis Resource Utilization by Entity
  8. General Register Statistics
  9. Port Connectivity Checks: "bin_to_thto:OTHT|add:generate_add[10].add"
 10. Port Connectivity Checks: "bin_to_thto:OTHT|add:generate_add[9].add"
 11. Port Connectivity Checks: "bin_to_thto:OTHT|add:generate_add[8].add"
 12. Port Connectivity Checks: "bin_to_thto:OTHT|add:generate_add[7].add"
 13. Port Connectivity Checks: "bin_to_thto:OTHT|add:generate_add[6].add"
 14. Port Connectivity Checks: "bin_to_thto:OTHT|add:generate_add[5].add"
 15. Port Connectivity Checks: "bin_to_thto:OTHT|add:generate_add[4].add"
 16. Port Connectivity Checks: "bin_to_thto:OTHT|add:generate_add[3].add"
 17. Port Connectivity Checks: "bin_to_thto:OTHT|add:generate_add[2].add"
 18. Port Connectivity Checks: "bin_to_thto:OTHT|add:generate_add[1].add"
 19. Port Connectivity Checks: "bin_to_thto:OTHT|add:generate_add[0].add"
 20. Elapsed Time Per Partition
 21. Analysis & Synthesis Messages
 22. Analysis & Synthesis Suppressed Messages



----------------
; Legal Notice ;
----------------
Copyright (C) 1991-2013 Altera Corporation
Your use of Altera Corporation's design tools, logic functions 
and other software and tools, and its AMPP partner logic 
functions, and any output files from any of the foregoing 
(including device programming or simulation files), and any 
associated documentation or information are expressly subject 
to the terms and conditions of the Altera Program License 
Subscription Agreement, Altera MegaCore Function License 
Agreement, or other applicable license agreement, including, 
without limitation, that your use is for the sole purpose of 
programming logic devices manufactured by Altera and sold by 
Altera or its authorized distributors.  Please refer to the 
applicable agreement for further details.



+--------------------------------------------------------------------------------------+
; Analysis & Synthesis Summary                                                         ;
+------------------------------------+-------------------------------------------------+
; Analysis & Synthesis Status        ; Successful - Mon Mar 18 01:04:25 2019           ;
; Quartus II 32-bit Version          ; 13.0.1 Build 232 06/12/2013 SP 1 SJ Web Edition ;
; Revision Name                      ; DECODIFICADOR                                   ;
; Top-level Entity Name              ; TOP_bcd_7seg                                    ;
; Family                             ; Cyclone IV E                                    ;
; Total logic elements               ; 122                                             ;
;     Total combinational functions  ; 122                                             ;
;     Dedicated logic registers      ; 0                                               ;
; Total registers                    ; 0                                               ;
; Total pins                         ; 41                                              ;
; Total virtual pins                 ; 0                                               ;
; Total memory bits                  ; 0                                               ;
; Embedded Multiplier 9-bit elements ; 0                                               ;
; Total PLLs                         ; 0                                               ;
+------------------------------------+-------------------------------------------------+


+----------------------------------------------------------------------------------------------------------------------+
; Analysis & Synthesis Settings                                                                                        ;
+----------------------------------------------------------------------------+--------------------+--------------------+
; Option                                                                     ; Setting            ; Default Value      ;
+----------------------------------------------------------------------------+--------------------+--------------------+
; Device                                                                     ; EP4CE115F29C7      ;                    ;
; Top-level entity name                                                      ; TOP_bcd_7seg       ; DECODIFICADOR      ;
; Family name                                                                ; Cyclone IV E       ; Cyclone IV GX      ;
; Use smart compilation                                                      ; Off                ; Off                ;
; Enable parallel Assembler and TimeQuest Timing Analyzer during compilation ; On                 ; On                 ;
; Enable compact report table                                                ; Off                ; Off                ;
; Restructure Multiplexers                                                   ; Auto               ; Auto               ;
; Create Debugging Nodes for IP Cores                                        ; Off                ; Off                ;
; Preserve fewer node names                                                  ; On                 ; On                 ;
; Disable OpenCore Plus hardware evaluation                                  ; Off                ; Off                ;
; Verilog Version                                                            ; Verilog_2001       ; Verilog_2001       ;
; VHDL Version                                                               ; VHDL_1993          ; VHDL_1993          ;
; State Machine Processing                                                   ; Auto               ; Auto               ;
; Safe State Machine                                                         ; Off                ; Off                ;
; Extract Verilog State Machines                                             ; On                 ; On                 ;
; Extract VHDL State Machines                                                ; On                 ; On                 ;
; Ignore Verilog initial constructs                                          ; Off                ; Off                ;
; Iteration limit for constant Verilog loops                                 ; 5000               ; 5000               ;
; Iteration limit for non-constant Verilog loops                             ; 250                ; 250                ;
; Add Pass-Through Logic to Inferred RAMs                                    ; On                 ; On                 ;
; Infer RAMs from Raw Logic                                                  ; On                 ; On                 ;
; Parallel Synthesis                                                         ; On                 ; On                 ;
; DSP Block Balancing                                                        ; Auto               ; Auto               ;
; NOT Gate Push-Back                                                         ; On                 ; On                 ;
; Power-Up Don't Care                                                        ; On                 ; On                 ;
; Remove Redundant Logic Cells                                               ; Off                ; Off                ;
; Remove Duplicate Registers                                                 ; On                 ; On                 ;
; Ignore CARRY Buffers                                                       ; Off                ; Off                ;
; Ignore CASCADE Buffers                                                     ; Off                ; Off                ;
; Ignore GLOBAL Buffers                                                      ; Off                ; Off                ;
; Ignore ROW GLOBAL Buffers                                                  ; Off                ; Off                ;
; Ignore LCELL Buffers                                                       ; Off                ; Off                ;
; Ignore SOFT Buffers                                                        ; On                 ; On                 ;
; Limit AHDL Integers to 32 Bits                                             ; Off                ; Off                ;
; Optimization Technique                                                     ; Balanced           ; Balanced           ;
; Carry Chain Length                                                         ; 70                 ; 70                 ;
; Auto Carry Chains                                                          ; On                 ; On                 ;
; Auto Open-Drain Pins                                                       ; On                 ; On                 ;
; Perform WYSIWYG Primitive Resynthesis                                      ; Off                ; Off                ;
; Auto ROM Replacement                                                       ; On                 ; On                 ;
; Auto RAM Replacement                                                       ; On                 ; On                 ;
; Auto DSP Block Replacement                                                 ; On                 ; On                 ;
; Auto Shift Register Replacement                                            ; Auto               ; Auto               ;
; Allow Shift Register Merging across Hierarchies                            ; Auto               ; Auto               ;
; Auto Clock Enable Replacement                                              ; On                 ; On                 ;
; Strict RAM Replacement                                                     ; Off                ; Off                ;
; Allow Synchronous Control Signals                                          ; On                 ; On                 ;
; Force Use of Synchronous Clear Signals                                     ; Off                ; Off                ;
; Auto RAM Block Balancing                                                   ; On                 ; On                 ;
; Auto RAM to Logic Cell Conversion                                          ; Off                ; Off                ;
; Auto Resource Sharing                                                      ; Off                ; Off                ;
; Allow Any RAM Size For Recognition                                         ; Off                ; Off                ;
; Allow Any ROM Size For Recognition                                         ; Off                ; Off                ;
; Allow Any Shift Register Size For Recognition                              ; Off                ; Off                ;
; Use LogicLock Constraints during Resource Balancing                        ; On                 ; On                 ;
; Ignore translate_off and synthesis_off directives                          ; Off                ; Off                ;
; Timing-Driven Synthesis                                                    ; On                 ; On                 ;
; Report Parameter Settings                                                  ; On                 ; On                 ;
; Report Source Assignments                                                  ; On                 ; On                 ;
; Report Connectivity Checks                                                 ; On                 ; On                 ;
; Ignore Maximum Fan-Out Assignments                                         ; Off                ; Off                ;
; Synchronization Register Chain Length                                      ; 2                  ; 2                  ;
; PowerPlay Power Optimization                                               ; Normal compilation ; Normal compilation ;
; HDL message level                                                          ; Level2             ; Level2             ;
; Suppress Register Optimization Related Messages                            ; Off                ; Off                ;
; Number of Removed Registers Reported in Synthesis Report                   ; 5000               ; 5000               ;
; Number of Swept Nodes Reported in Synthesis Report                         ; 5000               ; 5000               ;
; Number of Inverted Registers Reported in Synthesis Report                  ; 100                ; 100                ;
; Clock MUX Protection                                                       ; On                 ; On                 ;
; Auto Gated Clock Conversion                                                ; Off                ; Off                ;
; Block Design Naming                                                        ; Auto               ; Auto               ;
; SDC constraint protection                                                  ; Off                ; Off                ;
; Synthesis Effort                                                           ; Auto               ; Auto               ;
; Shift Register Replacement - Allow Asynchronous Clear Signal               ; On                 ; On                 ;
; Pre-Mapping Resynthesis Optimization                                       ; Off                ; Off                ;
; Analysis & Synthesis Message Level                                         ; Medium             ; Medium             ;
; Disable Register Merging Across Hierarchies                                ; Auto               ; Auto               ;
; Resource Aware Inference For Block RAM                                     ; On                 ; On                 ;
; Synthesis Seed                                                             ; 1                  ; 1                  ;
+----------------------------------------------------------------------------+--------------------+--------------------+


Parallel compilation was disabled, but you have multiple processors available. Enable parallel compilation to reduce compilation time.
+-------------------------------------+
; Parallel Compilation                ;
+----------------------------+--------+
; Processors                 ; Number ;
+----------------------------+--------+
; Number detected on machine ; 4      ;
; Maximum allowed            ; 1      ;
+----------------------------+--------+


+--------------------------------------------------------------------------------------------------------------------------------------------------------------------------------------+
; Analysis & Synthesis Source Files Read                                                                                                                                               ;
+----------------------------------+-----------------+------------------------------+----------------------------------------------------------------------------------------+---------+
; File Name with User-Entered Path ; Used in Netlist ; File Type                    ; File Name with Absolute Path                                                           ; Library ;
+----------------------------------+-----------------+------------------------------+----------------------------------------------------------------------------------------+---------+
; src/TOP_bcd_7seg.sv              ; yes             ; User SystemVerilog HDL File  ; C:/Users/C18561/Documents/ITESO/SYSTEMVERILOG/DV_git/DV_git/T06/src/TOP_bcd_7seg.sv    ;         ;
; src/pkg_bin_to_thto.sv           ; yes             ; User SystemVerilog HDL File  ; C:/Users/C18561/Documents/ITESO/SYSTEMVERILOG/DV_git/DV_git/T06/src/pkg_bin_to_thto.sv ;         ;
; src/displays.sv                  ; yes             ; User SystemVerilog HDL File  ; C:/Users/C18561/Documents/ITESO/SYSTEMVERILOG/DV_git/DV_git/T06/src/displays.sv        ;         ;
; src/complement_a2.sv             ; yes             ; User SystemVerilog HDL File  ; C:/Users/C18561/Documents/ITESO/SYSTEMVERILOG/DV_git/DV_git/T06/src/complement_a2.sv   ;         ;
; src/bin_to_7seg.sv               ; yes             ; User SystemVerilog HDL File  ; C:/Users/C18561/Documents/ITESO/SYSTEMVERILOG/DV_git/DV_git/T06/src/bin_to_7seg.sv     ;         ;
; src/add_con.sv                   ; yes             ; User SystemVerilog HDL File  ; C:/Users/C18561/Documents/ITESO/SYSTEMVERILOG/DV_git/DV_git/T06/src/add_con.sv         ;         ;
; src/add.sv                       ; yes             ; User SystemVerilog HDL File  ; C:/Users/C18561/Documents/ITESO/SYSTEMVERILOG/DV_git/DV_git/T06/src/add.sv             ;         ;
; src/bin_to_thto.sv               ; yes             ; User SystemVerilog HDL File  ; C:/Users/C18561/Documents/ITESO/SYSTEMVERILOG/DV_git/DV_git/T06/src/bin_to_thto.sv     ;         ;
+----------------------------------+-----------------+------------------------------+----------------------------------------------------------------------------------------+---------+


+----------------------------------------------------------------+
; Analysis & Synthesis Resource Usage Summary                    ;
+---------------------------------------------+------------------+
; Resource                                    ; Usage            ;
+---------------------------------------------+------------------+
; Estimated Total logic elements              ; 122              ;
;                                             ;                  ;
; Total combinational functions               ; 122              ;
; Logic element usage by number of LUT inputs ;                  ;
;     -- 4 input functions                    ; 77               ;
;     -- 3 input functions                    ; 32               ;
;     -- <=2 input functions                  ; 13               ;
;                                             ;                  ;
; Logic elements by mode                      ;                  ;
;     -- normal mode                          ; 111              ;
;     -- arithmetic mode                      ; 11               ;
;                                             ;                  ;
; Total registers                             ; 0                ;
;     -- Dedicated logic registers            ; 0                ;
;     -- I/O registers                        ; 0                ;
;                                             ;                  ;
; I/O pins                                    ; 41               ;
; Embedded Multiplier 9-bit elements          ; 0                ;
; Maximum fan-out node                        ; in_Bin[11]~input ;
; Maximum fan-out                             ; 17               ;
; Total fan-out                               ; 499              ;
; Average fan-out                             ; 2.45             ;
+---------------------------------------------+------------------+


+-----------------------------------------------------------------------------------------------------------------------------------------------------------------------------------------------------------------------------------------------------------------+
; Analysis & Synthesis Resource Utilization by Entity                                                                                                                                                                                                             ;
+--------------------------------------------+-------------------+--------------+-------------+--------------+---------+-----------+------+--------------+-----------------------------------------------------------------------------------------+--------------+
; Compilation Hierarchy Node                 ; LC Combinationals ; LC Registers ; Memory Bits ; DSP Elements ; DSP 9x9 ; DSP 18x18 ; Pins ; Virtual Pins ; Full Hierarchy Name                                                                     ; Library Name ;
+--------------------------------------------+-------------------+--------------+-------------+--------------+---------+-----------+------+--------------+-----------------------------------------------------------------------------------------+--------------+
; |TOP_bcd_7seg                              ; 122 (0)           ; 0 (0)        ; 0           ; 0            ; 0       ; 0         ; 41   ; 0            ; |TOP_bcd_7seg                                                                           ; work         ;
;    |bin_to_thto:OTHT|                      ; 73 (0)            ; 0 (0)        ; 0           ; 0            ; 0       ; 0         ; 0    ; 0            ; |TOP_bcd_7seg|bin_to_thto:OTHT                                                          ; work         ;
;       |add:generate_add[10].add|           ; 12 (0)            ; 0 (0)        ; 0           ; 0            ; 0       ; 0         ; 0    ; 0            ; |TOP_bcd_7seg|bin_to_thto:OTHT|add:generate_add[10].add                                 ; work         ;
;          |add_con:generate_con[0].ADD_CON| ; 4 (4)             ; 0 (0)        ; 0           ; 0            ; 0       ; 0         ; 0    ; 0            ; |TOP_bcd_7seg|bin_to_thto:OTHT|add:generate_add[10].add|add_con:generate_con[0].ADD_CON ; work         ;
;          |add_con:generate_con[1].ADD_CON| ; 4 (4)             ; 0 (0)        ; 0           ; 0            ; 0       ; 0         ; 0    ; 0            ; |TOP_bcd_7seg|bin_to_thto:OTHT|add:generate_add[10].add|add_con:generate_con[1].ADD_CON ; work         ;
;          |add_con:generate_con[2].ADD_CON| ; 4 (4)             ; 0 (0)        ; 0           ; 0            ; 0       ; 0         ; 0    ; 0            ; |TOP_bcd_7seg|bin_to_thto:OTHT|add:generate_add[10].add|add_con:generate_con[2].ADD_CON ; work         ;
;       |add:generate_add[2].add|            ; 6 (0)             ; 0 (0)        ; 0           ; 0            ; 0       ; 0         ; 0    ; 0            ; |TOP_bcd_7seg|bin_to_thto:OTHT|add:generate_add[2].add                                  ; work         ;
;          |add_con:generate_con[0].ADD_CON| ; 6 (6)             ; 0 (0)        ; 0           ; 0            ; 0       ; 0         ; 0    ; 0            ; |TOP_bcd_7seg|bin_to_thto:OTHT|add:generate_add[2].add|add_con:generate_con[0].ADD_CON  ; work         ;
;       |add:generate_add[3].add|            ; 4 (0)             ; 0 (0)        ; 0           ; 0            ; 0       ; 0         ; 0    ; 0            ; |TOP_bcd_7seg|bin_to_thto:OTHT|add:generate_add[3].add                                  ; work         ;
;          |add_con:generate_con[0].ADD_CON| ; 4 (4)             ; 0 (0)        ; 0           ; 0            ; 0       ; 0         ; 0    ; 0            ; |TOP_bcd_7seg|bin_to_thto:OTHT|add:generate_add[3].add|add_con:generate_con[0].ADD_CON  ; work         ;
;       |add:generate_add[4].add|            ; 4 (0)             ; 0 (0)        ; 0           ; 0            ; 0       ; 0         ; 0    ; 0            ; |TOP_bcd_7seg|bin_to_thto:OTHT|add:generate_add[4].add                                  ; work         ;
;          |add_con:generate_con[0].ADD_CON| ; 4 (4)             ; 0 (0)        ; 0           ; 0            ; 0       ; 0         ; 0    ; 0            ; |TOP_bcd_7seg|bin_to_thto:OTHT|add:generate_add[4].add|add_con:generate_con[0].ADD_CON  ; work         ;
;       |add:generate_add[5].add|            ; 4 (0)             ; 0 (0)        ; 0           ; 0            ; 0       ; 0         ; 0    ; 0            ; |TOP_bcd_7seg|bin_to_thto:OTHT|add:generate_add[5].add                                  ; work         ;
;          |add_con:generate_con[0].ADD_CON| ; 4 (4)             ; 0 (0)        ; 0           ; 0            ; 0       ; 0         ; 0    ; 0            ; |TOP_bcd_7seg|bin_to_thto:OTHT|add:generate_add[5].add|add_con:generate_con[0].ADD_CON  ; work         ;
;       |add:generate_add[6].add|            ; 8 (0)             ; 0 (0)        ; 0           ; 0            ; 0       ; 0         ; 0    ; 0            ; |TOP_bcd_7seg|bin_to_thto:OTHT|add:generate_add[6].add                                  ; work         ;
;          |add_con:generate_con[0].ADD_CON| ; 4 (4)             ; 0 (0)        ; 0           ; 0            ; 0       ; 0         ; 0    ; 0            ; |TOP_bcd_7seg|bin_to_thto:OTHT|add:generate_add[6].add|add_con:generate_con[0].ADD_CON  ; work         ;
;          |add_con:generate_con[1].ADD_CON| ; 4 (4)             ; 0 (0)        ; 0           ; 0            ; 0       ; 0         ; 0    ; 0            ; |TOP_bcd_7seg|bin_to_thto:OTHT|add:generate_add[6].add|add_con:generate_con[1].ADD_CON  ; work         ;
;       |add:generate_add[7].add|            ; 8 (0)             ; 0 (0)        ; 0           ; 0            ; 0       ; 0         ; 0    ; 0            ; |TOP_bcd_7seg|bin_to_thto:OTHT|add:generate_add[7].add                                  ; work         ;
;          |add_con:generate_con[0].ADD_CON| ; 4 (4)             ; 0 (0)        ; 0           ; 0            ; 0       ; 0         ; 0    ; 0            ; |TOP_bcd_7seg|bin_to_thto:OTHT|add:generate_add[7].add|add_con:generate_con[0].ADD_CON  ; work         ;
;          |add_con:generate_con[1].ADD_CON| ; 4 (4)             ; 0 (0)        ; 0           ; 0            ; 0       ; 0         ; 0    ; 0            ; |TOP_bcd_7seg|bin_to_thto:OTHT|add:generate_add[7].add|add_con:generate_con[1].ADD_CON  ; work         ;
;       |add:generate_add[8].add|            ; 15 (0)            ; 0 (0)        ; 0           ; 0            ; 0       ; 0         ; 0    ; 0            ; |TOP_bcd_7seg|bin_to_thto:OTHT|add:generate_add[8].add                                  ; work         ;
;          |add_con:generate_con[0].ADD_CON| ; 4 (4)             ; 0 (0)        ; 0           ; 0            ; 0       ; 0         ; 0    ; 0            ; |TOP_bcd_7seg|bin_to_thto:OTHT|add:generate_add[8].add|add_con:generate_con[0].ADD_CON  ; work         ;
;          |add_con:generate_con[1].ADD_CON| ; 4 (4)             ; 0 (0)        ; 0           ; 0            ; 0       ; 0         ; 0    ; 0            ; |TOP_bcd_7seg|bin_to_thto:OTHT|add:generate_add[8].add|add_con:generate_con[1].ADD_CON  ; work         ;
;          |add_con:generate_con[2].ADD_CON| ; 7 (7)             ; 0 (0)        ; 0           ; 0            ; 0       ; 0         ; 0    ; 0            ; |TOP_bcd_7seg|bin_to_thto:OTHT|add:generate_add[8].add|add_con:generate_con[2].ADD_CON  ; work         ;
;       |add:generate_add[9].add|            ; 12 (0)            ; 0 (0)        ; 0           ; 0            ; 0       ; 0         ; 0    ; 0            ; |TOP_bcd_7seg|bin_to_thto:OTHT|add:generate_add[9].add                                  ; work         ;
;          |add_con:generate_con[0].ADD_CON| ; 4 (4)             ; 0 (0)        ; 0           ; 0            ; 0       ; 0         ; 0    ; 0            ; |TOP_bcd_7seg|bin_to_thto:OTHT|add:generate_add[9].add|add_con:generate_con[0].ADD_CON  ; work         ;
;          |add_con:generate_con[1].ADD_CON| ; 4 (4)             ; 0 (0)        ; 0           ; 0            ; 0       ; 0         ; 0    ; 0            ; |TOP_bcd_7seg|bin_to_thto:OTHT|add:generate_add[9].add|add_con:generate_con[1].ADD_CON  ; work         ;
;          |add_con:generate_con[2].ADD_CON| ; 4 (4)             ; 0 (0)        ; 0           ; 0            ; 0       ; 0         ; 0    ; 0            ; |TOP_bcd_7seg|bin_to_thto:OTHT|add:generate_add[9].add|add_con:generate_con[2].ADD_CON  ; work         ;
;    |complement_a2:A2_COM|                  ; 21 (21)           ; 0 (0)        ; 0           ; 0            ; 0       ; 0         ; 0    ; 0            ; |TOP_bcd_7seg|complement_a2:A2_COM                                                      ; work         ;
;    |displays:DISPLAY|                      ; 28 (0)            ; 0 (0)        ; 0           ; 0            ; 0       ; 0         ; 0    ; 0            ; |TOP_bcd_7seg|displays:DISPLAY                                                          ; work         ;
;       |bin_to_7seg:generate_7seg[0].B7S_O| ; 7 (7)             ; 0 (0)        ; 0           ; 0            ; 0       ; 0         ; 0    ; 0            ; |TOP_bcd_7seg|displays:DISPLAY|bin_to_7seg:generate_7seg[0].B7S_O                       ; work         ;
;       |bin_to_7seg:generate_7seg[1].B7S_O| ; 7 (7)             ; 0 (0)        ; 0           ; 0            ; 0       ; 0         ; 0    ; 0            ; |TOP_bcd_7seg|displays:DISPLAY|bin_to_7seg:generate_7seg[1].B7S_O                       ; work         ;
;       |bin_to_7seg:generate_7seg[2].B7S_O| ; 7 (7)             ; 0 (0)        ; 0           ; 0            ; 0       ; 0         ; 0    ; 0            ; |TOP_bcd_7seg|displays:DISPLAY|bin_to_7seg:generate_7seg[2].B7S_O                       ; work         ;
;       |bin_to_7seg:generate_7seg[3].B7S_O| ; 7 (7)             ; 0 (0)        ; 0           ; 0            ; 0       ; 0         ; 0    ; 0            ; |TOP_bcd_7seg|displays:DISPLAY|bin_to_7seg:generate_7seg[3].B7S_O                       ; work         ;
+--------------------------------------------+-------------------+--------------+-------------+--------------+---------+-----------+------+--------------+-----------------------------------------------------------------------------------------+--------------+
Note: For table entries with two numbers listed, the numbers in parentheses indicate the number of resources of the given type used by the specific entity alone. The numbers listed outside of parentheses indicate the total resources of the given type used by the specific entity and all of its sub-entities in the hierarchy.


+------------------------------------------------------+
; General Register Statistics                          ;
+----------------------------------------------+-------+
; Statistic                                    ; Value ;
+----------------------------------------------+-------+
; Total registers                              ; 0     ;
; Number of registers using Synchronous Clear  ; 0     ;
; Number of registers using Synchronous Load   ; 0     ;
; Number of registers using Asynchronous Clear ; 0     ;
; Number of registers using Asynchronous Load  ; 0     ;
; Number of registers using Clock Enable       ; 0     ;
; Number of registers using Preset             ; 0     ;
+----------------------------------------------+-------+


+--------------------------------------------------------------------------------------------------------------------------+
; Port Connectivity Checks: "bin_to_thto:OTHT|add:generate_add[10].add"                                                    ;
+----------------+--------+----------+-------------------------------------------------------------------------------------+
; Port           ; Type   ; Severity ; Details                                                                             ;
+----------------+--------+----------+-------------------------------------------------------------------------------------+
; i_hto_full[0]  ; Input  ; Info     ; Stuck at GND                                                                        ;
; o_hto_full[27] ; Output ; Info     ; Connected to dangling logic. Logic that only feeds a dangling port will be removed. ;
+----------------+--------+----------+-------------------------------------------------------------------------------------+


+--------------------------------------------------------------------------------------------------------------------------+
; Port Connectivity Checks: "bin_to_thto:OTHT|add:generate_add[9].add"                                                     ;
+----------------+--------+----------+-------------------------------------------------------------------------------------+
; Port           ; Type   ; Severity ; Details                                                                             ;
+----------------+--------+----------+-------------------------------------------------------------------------------------+
; i_hto_full[0]  ; Input  ; Info     ; Stuck at GND                                                                        ;
; o_hto_full[27] ; Output ; Info     ; Connected to dangling logic. Logic that only feeds a dangling port will be removed. ;
+----------------+--------+----------+-------------------------------------------------------------------------------------+


+--------------------------------------------------------------------------------------------------------------------------+
; Port Connectivity Checks: "bin_to_thto:OTHT|add:generate_add[8].add"                                                     ;
+----------------+--------+----------+-------------------------------------------------------------------------------------+
; Port           ; Type   ; Severity ; Details                                                                             ;
+----------------+--------+----------+-------------------------------------------------------------------------------------+
; i_hto_full[0]  ; Input  ; Info     ; Stuck at GND                                                                        ;
; o_hto_full[27] ; Output ; Info     ; Connected to dangling logic. Logic that only feeds a dangling port will be removed. ;
+----------------+--------+----------+-------------------------------------------------------------------------------------+


+--------------------------------------------------------------------------------------------------------------------------+
; Port Connectivity Checks: "bin_to_thto:OTHT|add:generate_add[7].add"                                                     ;
+----------------+--------+----------+-------------------------------------------------------------------------------------+
; Port           ; Type   ; Severity ; Details                                                                             ;
+----------------+--------+----------+-------------------------------------------------------------------------------------+
; i_hto_full[0]  ; Input  ; Info     ; Stuck at GND                                                                        ;
; o_hto_full[27] ; Output ; Info     ; Connected to dangling logic. Logic that only feeds a dangling port will be removed. ;
+----------------+--------+----------+-------------------------------------------------------------------------------------+


+--------------------------------------------------------------------------------------------------------------------------+
; Port Connectivity Checks: "bin_to_thto:OTHT|add:generate_add[6].add"                                                     ;
+----------------+--------+----------+-------------------------------------------------------------------------------------+
; Port           ; Type   ; Severity ; Details                                                                             ;
+----------------+--------+----------+-------------------------------------------------------------------------------------+
; i_hto_full[0]  ; Input  ; Info     ; Stuck at GND                                                                        ;
; o_hto_full[27] ; Output ; Info     ; Connected to dangling logic. Logic that only feeds a dangling port will be removed. ;
+----------------+--------+----------+-------------------------------------------------------------------------------------+


+--------------------------------------------------------------------------------------------------------------------------+
; Port Connectivity Checks: "bin_to_thto:OTHT|add:generate_add[5].add"                                                     ;
+----------------+--------+----------+-------------------------------------------------------------------------------------+
; Port           ; Type   ; Severity ; Details                                                                             ;
+----------------+--------+----------+-------------------------------------------------------------------------------------+
; i_hto_full[0]  ; Input  ; Info     ; Stuck at GND                                                                        ;
; o_hto_full[27] ; Output ; Info     ; Connected to dangling logic. Logic that only feeds a dangling port will be removed. ;
+----------------+--------+----------+-------------------------------------------------------------------------------------+


+--------------------------------------------------------------------------------------------------------------------------+
; Port Connectivity Checks: "bin_to_thto:OTHT|add:generate_add[4].add"                                                     ;
+----------------+--------+----------+-------------------------------------------------------------------------------------+
; Port           ; Type   ; Severity ; Details                                                                             ;
+----------------+--------+----------+-------------------------------------------------------------------------------------+
; i_hto_full[0]  ; Input  ; Info     ; Stuck at GND                                                                        ;
; o_hto_full[27] ; Output ; Info     ; Connected to dangling logic. Logic that only feeds a dangling port will be removed. ;
+----------------+--------+----------+-------------------------------------------------------------------------------------+


+--------------------------------------------------------------------------------------------------------------------------+
; Port Connectivity Checks: "bin_to_thto:OTHT|add:generate_add[3].add"                                                     ;
+----------------+--------+----------+-------------------------------------------------------------------------------------+
; Port           ; Type   ; Severity ; Details                                                                             ;
+----------------+--------+----------+-------------------------------------------------------------------------------------+
; i_hto_full[0]  ; Input  ; Info     ; Stuck at GND                                                                        ;
; o_hto_full[27] ; Output ; Info     ; Connected to dangling logic. Logic that only feeds a dangling port will be removed. ;
+----------------+--------+----------+-------------------------------------------------------------------------------------+


+--------------------------------------------------------------------------------------------------------------------------+
; Port Connectivity Checks: "bin_to_thto:OTHT|add:generate_add[2].add"                                                     ;
+----------------+--------+----------+-------------------------------------------------------------------------------------+
; Port           ; Type   ; Severity ; Details                                                                             ;
+----------------+--------+----------+-------------------------------------------------------------------------------------+
; i_hto_full[0]  ; Input  ; Info     ; Stuck at GND                                                                        ;
; o_hto_full[27] ; Output ; Info     ; Connected to dangling logic. Logic that only feeds a dangling port will be removed. ;
+----------------+--------+----------+-------------------------------------------------------------------------------------+


+--------------------------------------------------------------------------------------------------------------------------+
; Port Connectivity Checks: "bin_to_thto:OTHT|add:generate_add[1].add"                                                     ;
+----------------+--------+----------+-------------------------------------------------------------------------------------+
; Port           ; Type   ; Severity ; Details                                                                             ;
+----------------+--------+----------+-------------------------------------------------------------------------------------+
; i_hto_full[0]  ; Input  ; Info     ; Stuck at GND                                                                        ;
; o_hto_full[27] ; Output ; Info     ; Connected to dangling logic. Logic that only feeds a dangling port will be removed. ;
+----------------+--------+----------+-------------------------------------------------------------------------------------+


+------------------------------------------------------------------------------------------------------------------------------+
; Port Connectivity Checks: "bin_to_thto:OTHT|add:generate_add[0].add"                                                         ;
+--------------------+--------+----------+-------------------------------------------------------------------------------------+
; Port               ; Type   ; Severity ; Details                                                                             ;
+--------------------+--------+----------+-------------------------------------------------------------------------------------+
; i_hto_full[27..13] ; Input  ; Info     ; Stuck at GND                                                                        ;
; i_hto_full[0]      ; Input  ; Info     ; Stuck at GND                                                                        ;
; o_hto_full[27]     ; Output ; Info     ; Connected to dangling logic. Logic that only feeds a dangling port will be removed. ;
+--------------------+--------+----------+-------------------------------------------------------------------------------------+


+-------------------------------+
; Elapsed Time Per Partition    ;
+----------------+--------------+
; Partition Name ; Elapsed Time ;
+----------------+--------------+
; Top            ; 00:00:01     ;
+----------------+--------------+


+-------------------------------+
; Analysis & Synthesis Messages ;
+-------------------------------+
Info: *******************************************************************
Info: Running Quartus II 32-bit Analysis & Synthesis
    Info: Version 13.0.1 Build 232 06/12/2013 Service Pack 1 SJ Web Edition
    Info: Processing started: Mon Mar 18 01:04:21 2019
Info: Command: quartus_map --read_settings_files=on --write_settings_files=off DECODIFICADOR -c DECODIFICADOR
Warning (20028): Parallel compilation is not licensed and has been disabled
Info (12021): Found 1 design units, including 1 entities, in source file src/top_bcd_7seg.sv
    Info (12023): Found entity 1: TOP_bcd_7seg
Warning (12019): Can't analyze file -- file src/TB_bcd_7seg.sv is missing
Info (12021): Found 1 design units, including 0 entities, in source file src/pkg_bin_to_thto.sv
    Info (12022): Found design unit 1: pkg_bin_to_thto (SystemVerilog)
Info (12021): Found 1 design units, including 1 entities, in source file src/displays.sv
    Info (12023): Found entity 1: displays
Info (12021): Found 1 design units, including 1 entities, in source file src/complement_a2.sv
    Info (12023): Found entity 1: complement_a2
Info (12021): Found 1 design units, including 1 entities, in source file src/bin_to_7seg.sv
    Info (12023): Found entity 1: bin_to_7seg
Info (12021): Found 1 design units, including 1 entities, in source file src/add_con.sv
    Info (12023): Found entity 1: add_con
Info (12021): Found 1 design units, including 1 entities, in source file src/add.sv
    Info (12023): Found entity 1: add
Info (12021): Found 1 design units, including 1 entities, in source file src/bin_to_thto.sv
    Info (12023): Found entity 1: bin_to_thto
Info (12127): Elaborating entity "TOP_bcd_7seg" for the top level hierarchy
Info (12128): Elaborating entity "complement_a2" for hierarchy "complement_a2:A2_COM"
Info (12128): Elaborating entity "bin_to_thto" for hierarchy "bin_to_thto:OTHT"
Info (12128): Elaborating entity "add" for hierarchy "bin_to_thto:OTHT|add:generate_add[0].add"
Info (12128): Elaborating entity "add_con" for hierarchy "bin_to_thto:OTHT|add:generate_add[0].add|add_con:generate_con[0].ADD_CON"
Info (12128): Elaborating entity "displays" for hierarchy "displays:DISPLAY"
Info (12128): Elaborating entity "bin_to_7seg" for hierarchy "displays:DISPLAY|bin_to_7seg:generate_7seg[0].B7S_O"
Info (286030): Timing-Driven Synthesis is running
Info (144001): Generated suppressed messages file C:/Users/C18561/Documents/ITESO/SYSTEMVERILOG/DV_git/DV_git/T06/output_files/DECODIFICADOR.map.smsg
Info (16010): Generating hard_block partition "hard_block:auto_generated_inst"
    Info (16011): Adding 0 node(s), including 0 DDIO, 0 PLL, 0 transceiver and 0 LCELL
Info (21057): Implemented 163 device resources after synthesis - the final resource count might be different
    Info (21058): Implemented 12 input pins
    Info (21059): Implemented 29 output pins
    Info (21061): Implemented 122 logic cells
Info: Quartus II 32-bit Analysis & Synthesis was successful. 0 errors, 2 warnings
    Info: Peak virtual memory: 388 megabytes
    Info: Processing ended: Mon Mar 18 01:04:25 2019
    Info: Elapsed time: 00:00:04
    Info: Total CPU time (on all processors): 00:00:04


+------------------------------------------+
; Analysis & Synthesis Suppressed Messages ;
+------------------------------------------+
The suppressed messages can be found in C:/Users/C18561/Documents/ITESO/SYSTEMVERILOG/DV_git/DV_git/T06/output_files/DECODIFICADOR.map.smsg.


