Analysis & Synthesis report for blinking_machine
Sun Feb 24 19:49:21 2019
Quartus Prime Version 15.1.0 Build 185 10/21/2015 SJ Lite Edition


---------------------
; Table of Contents ;
---------------------
  1. Legal Notice
  2. Analysis & Synthesis Summary
  3. Analysis & Synthesis Settings
  4. Parallel Compilation
  5. Analysis & Synthesis Source Files Read
  6. Analysis & Synthesis Resource Usage Summary
  7. Analysis & Synthesis Resource Utilization by Entity
  8. State Machine - |TOP_blinking_machine|blinking_SM:SM|state
  9. Registers Removed During Synthesis
 10. General Register Statistics
 11. Parameter Settings for User Entity Instance: clk_divider:CD
 12. Parameter Settings for User Entity Instance: counter:COUNT
 13. Post-Synthesis Netlist Statistics for Top Partition
 14. Elapsed Time Per Partition
 15. Analysis & Synthesis Messages
 16. Analysis & Synthesis Suppressed Messages



----------------
; Legal Notice ;
----------------
Copyright (C) 1991-2015 Altera Corporation. All rights reserved.
Your use of Altera Corporation's design tools, logic functions 
and other software and tools, and its AMPP partner logic 
functions, and any output files from any of the foregoing 
(including device programming or simulation files), and any 
associated documentation or information are expressly subject 
to the terms and conditions of the Altera Program License 
Subscription Agreement, the Altera Quartus Prime License Agreement,
the Altera MegaCore Function License Agreement, or other 
applicable license agreement, including, without limitation, 
that your use is for the sole purpose of programming logic 
devices manufactured by Altera and sold by Altera or its 
authorized distributors.  Please refer to the applicable 
agreement for further details.



+----------------------------------------------------------------------------------+
; Analysis & Synthesis Summary                                                     ;
+------------------------------------+---------------------------------------------+
; Analysis & Synthesis Status        ; Successful - Sun Feb 24 19:49:21 2019       ;
; Quartus Prime Version              ; 15.1.0 Build 185 10/21/2015 SJ Lite Edition ;
; Revision Name                      ; blinking_machine                            ;
; Top-level Entity Name              ; TOP_blinking_machine                        ;
; Family                             ; Cyclone IV E                                ;
; Total logic elements               ; 65                                          ;
;     Total combinational functions  ; 60                                          ;
;     Dedicated logic registers      ; 37                                          ;
; Total registers                    ; 37                                          ;
; Total pins                         ; 5                                           ;
; Total virtual pins                 ; 0                                           ;
; Total memory bits                  ; 0                                           ;
; Embedded Multiplier 9-bit elements ; 0                                           ;
; Total PLLs                         ; 0                                           ;
+------------------------------------+---------------------------------------------+


+------------------------------------------------------------------------------------------------------------------------+
; Analysis & Synthesis Settings                                                                                          ;
+----------------------------------------------------------------------------+----------------------+--------------------+
; Option                                                                     ; Setting              ; Default Value      ;
+----------------------------------------------------------------------------+----------------------+--------------------+
; Device                                                                     ; EP4CE115F29C7        ;                    ;
; Top-level entity name                                                      ; TOP_blinking_machine ; blinking_machine   ;
; Family name                                                                ; Cyclone IV E         ; Cyclone V          ;
; Use smart compilation                                                      ; Off                  ; Off                ;
; Enable parallel Assembler and TimeQuest Timing Analyzer during compilation ; On                   ; On                 ;
; Enable compact report table                                                ; Off                  ; Off                ;
; Restructure Multiplexers                                                   ; Auto                 ; Auto               ;
; Create Debugging Nodes for IP Cores                                        ; Off                  ; Off                ;
; Preserve fewer node names                                                  ; On                   ; On                 ;
; Disable OpenCore Plus hardware evaluation                                  ; Off                  ; Off                ;
; Verilog Version                                                            ; Verilog_2001         ; Verilog_2001       ;
; VHDL Version                                                               ; VHDL_1993            ; VHDL_1993          ;
; State Machine Processing                                                   ; Auto                 ; Auto               ;
; Safe State Machine                                                         ; Off                  ; Off                ;
; Extract Verilog State Machines                                             ; On                   ; On                 ;
; Extract VHDL State Machines                                                ; On                   ; On                 ;
; Ignore Verilog initial constructs                                          ; Off                  ; Off                ;
; Iteration limit for constant Verilog loops                                 ; 5000                 ; 5000               ;
; Iteration limit for non-constant Verilog loops                             ; 250                  ; 250                ;
; Add Pass-Through Logic to Inferred RAMs                                    ; On                   ; On                 ;
; Infer RAMs from Raw Logic                                                  ; On                   ; On                 ;
; Parallel Synthesis                                                         ; On                   ; On                 ;
; DSP Block Balancing                                                        ; Auto                 ; Auto               ;
; NOT Gate Push-Back                                                         ; On                   ; On                 ;
; Power-Up Don't Care                                                        ; On                   ; On                 ;
; Remove Redundant Logic Cells                                               ; Off                  ; Off                ;
; Remove Duplicate Registers                                                 ; On                   ; On                 ;
; Ignore CARRY Buffers                                                       ; Off                  ; Off                ;
; Ignore CASCADE Buffers                                                     ; Off                  ; Off                ;
; Ignore GLOBAL Buffers                                                      ; Off                  ; Off                ;
; Ignore ROW GLOBAL Buffers                                                  ; Off                  ; Off                ;
; Ignore LCELL Buffers                                                       ; Off                  ; Off                ;
; Ignore SOFT Buffers                                                        ; On                   ; On                 ;
; Limit AHDL Integers to 32 Bits                                             ; Off                  ; Off                ;
; Optimization Technique                                                     ; Balanced             ; Balanced           ;
; Carry Chain Length                                                         ; 70                   ; 70                 ;
; Auto Carry Chains                                                          ; On                   ; On                 ;
; Auto Open-Drain Pins                                                       ; On                   ; On                 ;
; Perform WYSIWYG Primitive Resynthesis                                      ; Off                  ; Off                ;
; Auto ROM Replacement                                                       ; On                   ; On                 ;
; Auto RAM Replacement                                                       ; On                   ; On                 ;
; Auto DSP Block Replacement                                                 ; On                   ; On                 ;
; Auto Shift Register Replacement                                            ; Auto                 ; Auto               ;
; Allow Shift Register Merging across Hierarchies                            ; Auto                 ; Auto               ;
; Auto Clock Enable Replacement                                              ; On                   ; On                 ;
; Strict RAM Replacement                                                     ; Off                  ; Off                ;
; Allow Synchronous Control Signals                                          ; On                   ; On                 ;
; Force Use of Synchronous Clear Signals                                     ; Off                  ; Off                ;
; Auto RAM Block Balancing                                                   ; On                   ; On                 ;
; Auto RAM to Logic Cell Conversion                                          ; Off                  ; Off                ;
; Auto Resource Sharing                                                      ; Off                  ; Off                ;
; Allow Any RAM Size For Recognition                                         ; Off                  ; Off                ;
; Allow Any ROM Size For Recognition                                         ; Off                  ; Off                ;
; Allow Any Shift Register Size For Recognition                              ; Off                  ; Off                ;
; Use LogicLock Constraints during Resource Balancing                        ; On                   ; On                 ;
; Ignore translate_off and synthesis_off directives                          ; Off                  ; Off                ;
; Timing-Driven Synthesis                                                    ; On                   ; On                 ;
; Report Parameter Settings                                                  ; On                   ; On                 ;
; Report Source Assignments                                                  ; On                   ; On                 ;
; Report Connectivity Checks                                                 ; On                   ; On                 ;
; Ignore Maximum Fan-Out Assignments                                         ; Off                  ; Off                ;
; Synchronization Register Chain Length                                      ; 2                    ; 2                  ;
; PowerPlay Power Optimization During Synthesis                              ; Normal compilation   ; Normal compilation ;
; HDL message level                                                          ; Level2               ; Level2             ;
; Suppress Register Optimization Related Messages                            ; Off                  ; Off                ;
; Number of Removed Registers Reported in Synthesis Report                   ; 5000                 ; 5000               ;
; Number of Swept Nodes Reported in Synthesis Report                         ; 5000                 ; 5000               ;
; Number of Inverted Registers Reported in Synthesis Report                  ; 100                  ; 100                ;
; Clock MUX Protection                                                       ; On                   ; On                 ;
; Auto Gated Clock Conversion                                                ; Off                  ; Off                ;
; Block Design Naming                                                        ; Auto                 ; Auto               ;
; SDC constraint protection                                                  ; Off                  ; Off                ;
; Synthesis Effort                                                           ; Auto                 ; Auto               ;
; Shift Register Replacement - Allow Asynchronous Clear Signal               ; On                   ; On                 ;
; Pre-Mapping Resynthesis Optimization                                       ; Off                  ; Off                ;
; Analysis & Synthesis Message Level                                         ; Medium               ; Medium             ;
; Disable Register Merging Across Hierarchies                                ; Auto                 ; Auto               ;
; Resource Aware Inference For Block RAM                                     ; On                   ; On                 ;
; Synthesis Seed                                                             ; 1                    ; 1                  ;
+----------------------------------------------------------------------------+----------------------+--------------------+


Parallel compilation was disabled, but you have multiple processors available. Enable parallel compilation to reduce compilation time.
+-------------------------------------+
; Parallel Compilation                ;
+----------------------------+--------+
; Processors                 ; Number ;
+----------------------------+--------+
; Number detected on machine ; 4      ;
; Maximum allowed            ; 1      ;
+----------------------------+--------+


+---------------------------------------------------------------------------------------------------------------------------------------------------------------------------------------------------------+
; Analysis & Synthesis Source Files Read                                                                                                                                                                  ;
+----------------------------------+-----------------+------------------------------+-----------------------------------------------------------------------------------------------------------+---------+
; File Name with User-Entered Path ; Used in Netlist ; File Type                    ; File Name with Absolute Path                                                                              ; Library ;
+----------------------------------+-----------------+------------------------------+-----------------------------------------------------------------------------------------------------------+---------+
; src/TOP_blinking_machine.sv      ; yes             ; User SystemVerilog HDL File  ; C:/Users/Tomoyo/Documents/ITESO/2019 -A Primavera/DYV/DV_git/blinking_machine/src/TOP_blinking_machine.sv ;         ;
; src/counter.sv                   ; yes             ; User SystemVerilog HDL File  ; C:/Users/Tomoyo/Documents/ITESO/2019 -A Primavera/DYV/DV_git/blinking_machine/src/counter.sv              ;         ;
; src/clk _divider.sv              ; yes             ; User SystemVerilog HDL File  ; C:/Users/Tomoyo/Documents/ITESO/2019 -A Primavera/DYV/DV_git/blinking_machine/src/clk _divider.sv         ;         ;
; src/blinking_SM.sv               ; yes             ; User SystemVerilog HDL File  ; C:/Users/Tomoyo/Documents/ITESO/2019 -A Primavera/DYV/DV_git/blinking_machine/src/blinking_SM.sv          ;         ;
+----------------------------------+-----------------+------------------------------+-----------------------------------------------------------------------------------------------------------+---------+


+-----------------------------------------------------------+
; Analysis & Synthesis Resource Usage Summary               ;
+---------------------------------------------+-------------+
; Resource                                    ; Usage       ;
+---------------------------------------------+-------------+
; Estimated Total logic elements              ; 65          ;
;                                             ;             ;
; Total combinational functions               ; 60          ;
; Logic element usage by number of LUT inputs ;             ;
;     -- 4 input functions                    ; 13          ;
;     -- 3 input functions                    ; 6           ;
;     -- <=2 input functions                  ; 41          ;
;                                             ;             ;
; Logic elements by mode                      ;             ;
;     -- normal mode                          ; 35          ;
;     -- arithmetic mode                      ; 25          ;
;                                             ;             ;
; Total registers                             ; 37          ;
;     -- Dedicated logic registers            ; 37          ;
;     -- I/O registers                        ; 0           ;
;                                             ;             ;
; I/O pins                                    ; 5           ;
;                                             ;             ;
; Embedded Multiplier 9-bit elements          ; 0           ;
;                                             ;             ;
; Maximum fan-out node                        ; i_rst~input ;
; Maximum fan-out                             ; 37          ;
; Total fan-out                               ; 277         ;
; Average fan-out                             ; 2.59        ;
+---------------------------------------------+-------------+


+----------------------------------------------------------------------------------------------------------------------------------------------------------------------------------------------+
; Analysis & Synthesis Resource Utilization by Entity                                                                                                                                          ;
+----------------------------+-------------------+--------------+-------------+--------------+---------+-----------+------+--------------+--------------------------------------+--------------+
; Compilation Hierarchy Node ; LC Combinationals ; LC Registers ; Memory Bits ; DSP Elements ; DSP 9x9 ; DSP 18x18 ; Pins ; Virtual Pins ; Full Hierarchy Name                  ; Library Name ;
+----------------------------+-------------------+--------------+-------------+--------------+---------+-----------+------+--------------+--------------------------------------+--------------+
; |TOP_blinking_machine      ; 60 (0)            ; 37 (0)       ; 0           ; 0            ; 0       ; 0         ; 5    ; 0            ; |TOP_blinking_machine                ; work         ;
;    |blinking_SM:SM|        ; 7 (7)             ; 7 (7)        ; 0           ; 0            ; 0       ; 0         ; 0    ; 0            ; |TOP_blinking_machine|blinking_SM:SM ; work         ;
;    |clk_divider:CD|        ; 48 (48)           ; 27 (27)      ; 0           ; 0            ; 0       ; 0         ; 0    ; 0            ; |TOP_blinking_machine|clk_divider:CD ; work         ;
;    |counter:COUNT|         ; 5 (5)             ; 3 (3)        ; 0           ; 0            ; 0       ; 0         ; 0    ; 0            ; |TOP_blinking_machine|counter:COUNT  ; work         ;
+----------------------------+-------------------+--------------+-------------+--------------+---------+-----------+------+--------------+--------------------------------------+--------------+
Note: For table entries with two numbers listed, the numbers in parentheses indicate the number of resources of the given type used by the specific entity alone. The numbers listed outside of parentheses indicate the total resources of the given type used by the specific entity and all of its sub-entities in the hierarchy.


Encoding Type:  One-Hot
+-----------------------------------------------------------------------------------------------------------+
; State Machine - |TOP_blinking_machine|blinking_SM:SM|state                                                ;
+-------------+-------------+------------+-------------+------------+-------------+------------+------------+
; Name        ; state.OFF_3 ; state.ON_3 ; state.OFF_2 ; state.ON_2 ; state.OFF_1 ; state.ON_1 ; state.IDLE ;
+-------------+-------------+------------+-------------+------------+-------------+------------+------------+
; state.IDLE  ; 0           ; 0          ; 0           ; 0          ; 0           ; 0          ; 0          ;
; state.ON_1  ; 0           ; 0          ; 0           ; 0          ; 0           ; 1          ; 1          ;
; state.OFF_1 ; 0           ; 0          ; 0           ; 0          ; 1           ; 0          ; 1          ;
; state.ON_2  ; 0           ; 0          ; 0           ; 1          ; 0           ; 0          ; 1          ;
; state.OFF_2 ; 0           ; 0          ; 1           ; 0          ; 0           ; 0          ; 1          ;
; state.ON_3  ; 0           ; 1          ; 0           ; 0          ; 0           ; 0          ; 1          ;
; state.OFF_3 ; 1           ; 0          ; 0           ; 0          ; 0           ; 0          ; 1          ;
+-------------+-------------+------------+-------------+------------+-------------+------------+------------+


+------------------------------------------------------------+
; Registers Removed During Synthesis                         ;
+---------------------------------------+--------------------+
; Register name                         ; Reason for Removal ;
+---------------------------------------+--------------------+
; blinking_SM:SM|state~4                ; Lost fanout        ;
; blinking_SM:SM|state~5                ; Lost fanout        ;
; blinking_SM:SM|state~6                ; Lost fanout        ;
; Total Number of Removed Registers = 3 ;                    ;
+---------------------------------------+--------------------+


+------------------------------------------------------+
; General Register Statistics                          ;
+----------------------------------------------+-------+
; Statistic                                    ; Value ;
+----------------------------------------------+-------+
; Total registers                              ; 37    ;
; Number of registers using Synchronous Clear  ; 0     ;
; Number of registers using Synchronous Load   ; 0     ;
; Number of registers using Asynchronous Clear ; 37    ;
; Number of registers using Asynchronous Load  ; 0     ;
; Number of registers using Clock Enable       ; 8     ;
; Number of registers using Preset             ; 0     ;
+----------------------------------------------+-------+


+-------------------------------------------------------------+
; Parameter Settings for User Entity Instance: clk_divider:CD ;
+----------------+----------+---------------------------------+
; Parameter Name ; Value    ; Type                            ;
+----------------+----------+---------------------------------+
; FRECUENCY_IN   ; 50000000 ; Signed Integer                  ;
; FRECUENCY_OUT  ; 1        ; Signed Integer                  ;
; COUNT_LENGTH   ; 26       ; Signed Integer                  ;
+----------------+----------+---------------------------------+
Note: In order to hide this table in the UI and the text report file, please set the "Show Parameter Settings in Synthesis Report" option in "Analysis and Synthesis Settings -> More Settings" to "Off".


+------------------------------------------------------------+
; Parameter Settings for User Entity Instance: counter:COUNT ;
+----------------+-------+-----------------------------------+
; Parameter Name ; Value ; Type                              ;
+----------------+-------+-----------------------------------+
; COUNT_LENGTH   ; 3     ; Signed Integer                    ;
+----------------+-------+-----------------------------------+
Note: In order to hide this table in the UI and the text report file, please set the "Show Parameter Settings in Synthesis Report" option in "Analysis and Synthesis Settings -> More Settings" to "Off".


+-----------------------------------------------------+
; Post-Synthesis Netlist Statistics for Top Partition ;
+-----------------------+-----------------------------+
; Type                  ; Count                       ;
+-----------------------+-----------------------------+
; boundary_port         ; 5                           ;
; cycloneiii_ff         ; 37                          ;
;     CLR               ; 29                          ;
;     ENA CLR           ; 8                           ;
; cycloneiii_lcell_comb ; 60                          ;
;     arith             ; 25                          ;
;         2 data inputs ; 25                          ;
;     normal            ; 35                          ;
;         1 data inputs ; 1                           ;
;         2 data inputs ; 15                          ;
;         3 data inputs ; 6                           ;
;         4 data inputs ; 13                          ;
;                       ;                             ;
; Max LUT depth         ; 4.40                        ;
; Average LUT depth     ; 3.50                        ;
+-----------------------+-----------------------------+


+-------------------------------+
; Elapsed Time Per Partition    ;
+----------------+--------------+
; Partition Name ; Elapsed Time ;
+----------------+--------------+
; Top            ; 00:00:00     ;
+----------------+--------------+


+-------------------------------+
; Analysis & Synthesis Messages ;
+-------------------------------+
Info: *******************************************************************
Info: Running Quartus Prime Analysis & Synthesis
    Info: Version 15.1.0 Build 185 10/21/2015 SJ Lite Edition
    Info: Processing started: Sun Feb 24 19:49:06 2019
Info: Command: quartus_map --read_settings_files=on --write_settings_files=off blinking_machine -c blinking_machine
Warning (20028): Parallel compilation is not licensed and has been disabled
Warning (12019): Can't analyze file -- file TOP_blinking_machine.sv is missing
Warning (12019): Can't analyze file -- file counter.sv is missing
Warning (12019): Can't analyze file -- file clk _divider.sv is missing
Warning (12019): Can't analyze file -- file blinking_SM.sv is missing
Info (12021): Found 1 design units, including 1 entities, in source file src/top_blinking_machine.sv
    Info (12023): Found entity 1: TOP_blinking_machine File: C:/Users/Tomoyo/Documents/ITESO/2019 -A Primavera/DYV/DV_git/blinking_machine/src/TOP_blinking_machine.sv Line: 2
Info (12021): Found 1 design units, including 1 entities, in source file src/counter.sv
    Info (12023): Found entity 1: counter File: C:/Users/Tomoyo/Documents/ITESO/2019 -A Primavera/DYV/DV_git/blinking_machine/src/counter.sv Line: 1
Info (12021): Found 1 design units, including 1 entities, in source file src/clk _divider.sv
    Info (12023): Found entity 1: clk_divider File: C:/Users/Tomoyo/Documents/ITESO/2019 -A Primavera/DYV/DV_git/blinking_machine/src/clk _divider.sv Line: 12
Info (12021): Found 1 design units, including 1 entities, in source file src/blinking_sm.sv
    Info (12023): Found entity 1: blinking_SM File: C:/Users/Tomoyo/Documents/ITESO/2019 -A Primavera/DYV/DV_git/blinking_machine/src/blinking_SM.sv Line: 1
Info (12127): Elaborating entity "TOP_blinking_machine" for the top level hierarchy
Info (12128): Elaborating entity "clk_divider" for hierarchy "clk_divider:CD" File: C:/Users/Tomoyo/Documents/ITESO/2019 -A Primavera/DYV/DV_git/blinking_machine/src/TOP_blinking_machine.sv Line: 22
Info (12128): Elaborating entity "blinking_SM" for hierarchy "blinking_SM:SM" File: C:/Users/Tomoyo/Documents/ITESO/2019 -A Primavera/DYV/DV_git/blinking_machine/src/TOP_blinking_machine.sv Line: 34
Info (12128): Elaborating entity "counter" for hierarchy "counter:COUNT" File: C:/Users/Tomoyo/Documents/ITESO/2019 -A Primavera/DYV/DV_git/blinking_machine/src/TOP_blinking_machine.sv Line: 44
Info (286030): Timing-Driven Synthesis is running
Info (17049): 3 registers lost all their fanouts during netlist optimizations.
Info (16010): Generating hard_block partition "hard_block:auto_generated_inst"
    Info (16011): Adding 0 node(s), including 0 DDIO, 0 PLL, 0 transceiver and 0 LCELL
Info (21057): Implemented 70 device resources after synthesis - the final resource count might be different
    Info (21058): Implemented 3 input pins
    Info (21059): Implemented 2 output pins
    Info (21061): Implemented 65 logic cells
Info (144001): Generated suppressed messages file C:/Users/Tomoyo/Documents/ITESO/2019 -A Primavera/DYV/DV_git/blinking_machine/output_files/blinking_machine.map.smsg
Info: Quartus Prime Analysis & Synthesis was successful. 0 errors, 5 warnings
    Info: Peak virtual memory: 4941 megabytes
    Info: Processing ended: Sun Feb 24 19:49:21 2019
    Info: Elapsed time: 00:00:15
    Info: Total CPU time (on all processors): 00:00:36


+------------------------------------------+
; Analysis & Synthesis Suppressed Messages ;
+------------------------------------------+
The suppressed messages can be found in C:/Users/Tomoyo/Documents/ITESO/2019 -A Primavera/DYV/DV_git/blinking_machine/output_files/blinking_machine.map.smsg.


