Flow report for Multiplier
Wed Mar 13 13:56:15 2019
Quartus II 32-bit Version 13.0.1 Build 232 06/12/2013 Service Pack 1 SJ Web Edition


---------------------
; Table of Contents ;
---------------------
  1. Legal Notice
  2. Flow Summary
  3. Flow Settings
  4. Flow Non-Default Global Settings
  5. Flow Elapsed Time
  6. Flow OS Summary
  7. Flow Log
  8. Flow Messages
  9. Flow Suppressed Messages



----------------
; Legal Notice ;
----------------
Copyright (C) 1991-2013 Altera Corporation
Your use of Altera Corporation's design tools, logic functions 
and other software and tools, and its AMPP partner logic 
functions, and any output files from any of the foregoing 
(including device programming or simulation files), and any 
associated documentation or information are expressly subject 
to the terms and conditions of the Altera Program License 
Subscription Agreement, Altera MegaCore Function License 
Agreement, or other applicable license agreement, including, 
without limitation, that your use is for the sole purpose of 
programming logic devices manufactured by Altera and sold by 
Altera or its authorized distributors.  Please refer to the 
applicable agreement for further details.



+--------------------------------------------------------------------------------------+
; Flow Summary                                                                         ;
+------------------------------------+-------------------------------------------------+
; Flow Status                        ; Successful - Wed Mar 13 13:56:10 2019           ;
; Quartus II 32-bit Version          ; 13.0.1 Build 232 06/12/2013 SP 1 SJ Web Edition ;
; Revision Name                      ; Multiplier                                      ;
; Top-level Entity Name              ; ms                                              ;
; Family                             ; Cyclone IV E                                    ;
; Device                             ; EP4CE115F29C7                                   ;
; Timing Models                      ; Final                                           ;
; Total logic elements               ; 169 / 114,480 ( < 1 % )                         ;
;     Total combinational functions  ; 158 / 114,480 ( < 1 % )                         ;
;     Dedicated logic registers      ; 102 / 114,480 ( < 1 % )                         ;
; Total registers                    ; 102                                             ;
; Total pins                         ; 39 / 529 ( 7 % )                                ;
; Total virtual pins                 ; 0                                               ;
; Total memory bits                  ; 0 / 3,981,312 ( 0 % )                           ;
; Embedded Multiplier 9-bit elements ; 0 / 532 ( 0 % )                                 ;
; Total PLLs                         ; 1 / 4 ( 25 % )                                  ;
+------------------------------------+-------------------------------------------------+


+-----------------------------------------+
; Flow Settings                           ;
+-------------------+---------------------+
; Option            ; Setting             ;
+-------------------+---------------------+
; Start date & time ; 03/13/2019 13:55:32 ;
; Main task         ; Compilation         ;
; Revision Name     ; Multiplier          ;
+-------------------+---------------------+


+-----------------------------------------------------------------------------------------------------------------------------------------------------------------+
; Flow Non-Default Global Settings                                                                                                                                ;
+-------------------------------------+--------------------------------------------------------------------------------+---------------+-------------+------------+
; Assignment Name                     ; Value                                                                          ; Default Value ; Entity Name ; Section Id ;
+-------------------------------------+--------------------------------------------------------------------------------+---------------+-------------+------------+
; COMPILER_SIGNATURE_ID               ; 168122001534512.155250693215412                                                ; --            ; --          ; --         ;
; ENABLE_SIGNALTAP                    ; On                                                                             ; --            ; --          ; --         ;
; MAX_CORE_JUNCTION_TEMP              ; 85                                                                             ; --            ; --          ; --         ;
; MIN_CORE_JUNCTION_TEMP              ; 0                                                                              ; --            ; --          ; --         ;
; NOMINAL_CORE_SUPPLY_VOLTAGE         ; 1.2V                                                                           ; --            ; --          ; --         ;
; PARTITION_COLOR                     ; 16764057                                                                       ; --            ; ms          ; Top        ;
; PARTITION_FITTER_PRESERVATION_LEVEL ; PLACEMENT_AND_ROUTING                                                          ; --            ; ms          ; Top        ;
; PARTITION_NETLIST_TYPE              ; SOURCE                                                                         ; --            ; ms          ; Top        ;
; PROJECT_OUTPUT_DIRECTORY            ; output_files                                                                   ; --            ; --          ; --         ;
; SLD_FILE                            ; C:/Users/C18561/Documents/ITESO/SYSTEMVERILOG/DV_git/p1/stp1_auto_stripped.stp ; --            ; --          ; --         ;
; TOP_LEVEL_ENTITY                    ; ms                                                                             ; Multiplier    ; --          ; --         ;
; USE_SIGNALTAP_FILE                  ; stp1.stp                                                                       ; --            ; --          ; --         ;
+-------------------------------------+--------------------------------------------------------------------------------+---------------+-------------+------------+


+-------------------------------------------------------------------------------------------------------------------------------+
; Flow Elapsed Time                                                                                                             ;
+---------------------------+--------------+-------------------------+---------------------+------------------------------------+
; Module Name               ; Elapsed Time ; Average Processors Used ; Peak Virtual Memory ; Total CPU Time (on all processors) ;
+---------------------------+--------------+-------------------------+---------------------+------------------------------------+
; Analysis & Synthesis      ; 00:00:02     ; 1.0                     ; 378 MB              ; 00:00:03                           ;
; Fitter                    ; 00:00:25     ; 1.0                     ; 680 MB              ; 00:00:25                           ;
; Assembler                 ; 00:00:07     ; 1.0                     ; 368 MB              ; 00:00:07                           ;
; TimeQuest Timing Analyzer ; 00:00:04     ; 1.0                     ; 442 MB              ; 00:00:04                           ;
; Total                     ; 00:00:38     ; --                      ; --                  ; 00:00:39                           ;
+---------------------------+--------------+-------------------------+---------------------+------------------------------------+


+----------------------------------------------------------------------------------------+
; Flow OS Summary                                                                        ;
+---------------------------+------------------+-----------+------------+----------------+
; Module Name               ; Machine Hostname ; OS Name   ; OS Version ; Processor type ;
+---------------------------+------------------+-----------+------------+----------------+
; Analysis & Synthesis      ; MXGUA05NBC18561  ; Windows 7 ; 6.2        ; x86_64         ;
; Fitter                    ; MXGUA05NBC18561  ; Windows 7 ; 6.2        ; x86_64         ;
; Assembler                 ; MXGUA05NBC18561  ; Windows 7 ; 6.2        ; x86_64         ;
; TimeQuest Timing Analyzer ; MXGUA05NBC18561  ; Windows 7 ; 6.2        ; x86_64         ;
+---------------------------+------------------+-----------+------------+----------------+


------------
; Flow Log ;
------------
quartus_map --read_settings_files=on --write_settings_files=off Multiplier -c Multiplier
quartus_fit --read_settings_files=off --write_settings_files=off Multiplier -c Multiplier
quartus_asm --read_settings_files=off --write_settings_files=off Multiplier -c Multiplier
quartus_sta Multiplier -c Multiplier



