#-----------------------------------------------------------
# Vivado v2018.3 (64-bit)
# SW Build 2405991 on Thu Dec  6 23:38:27 MST 2018
# IP Build 2404404 on Fri Dec  7 01:43:56 MST 2018
# Start of session at: Thu May  2 16:32:28 2019
# Process ID: 4932
# Current directory: C:/Users/c18560/Documents/Carem/DYV/DV_GIT/UART/UART_VIVADO
# Command line: vivado.exe -gui_launcher_event rodinguilauncherevent13328 C:\Users\c18560\Documents\Carem\DYV\DV_GIT\UART\UART_VIVADO\UART_VIVADO.xpr
# Log file: C:/Users/c18560/Documents/Carem/DYV/DV_GIT/UART/UART_VIVADO/vivado.log
# Journal file: C:/Users/c18560/Documents/Carem/DYV/DV_GIT/UART/UART_VIVADO\vivado.jou
#-----------------------------------------------------------
start_gui
open_project C:/Users/c18560/Documents/Carem/DYV/DV_GIT/UART/UART_VIVADO/UART_VIVADO.xpr
INFO: [Project 1-313] Project file moved from 'C:/Users/c18560/Documents/Carem/DYV/TEST/UART/UART_VIVADO' since last save.
CRITICAL WARNING: [Project 1-311] Could not find the file 'C:/Users/c18560/Documents/Carem/DYV/DV_GIT/UART/UART_VIVADO/UART_VIVADO.srcs/sources_1/imports/new/uart_rx_o.v', nor could it be found using path 'C:/Users/c18560/Documents/Carem/DYV/TEST/UART/UART_VIVADO/UART_VIVADO.srcs/sources_1/imports/new/uart_rx_o.v'.
Scanning sources...
Finished scanning sources
INFO: [Project 1-230] Project 'UART_VIVADO.xpr' upgraded for this version of Vivado.
INFO: [IP_Flow 19-234] Refreshing IP repositories
INFO: [IP_Flow 19-1704] No user IP repositories specified
INFO: [IP_Flow 19-2313] Loaded Vivado IP repository 'C:/Xilinx/Vivado/2018.3/data/ip'.
open_project: Time (s): cpu = 00:00:18 ; elapsed = 00:00:10 . Memory (MB): peak = 796.168 ; gain = 195.953
update_compile_order -fileset sources_1
export_ip_user_files -of_objects  [get_files C:/Users/c18560/Documents/Carem/DYV/DV_GIT/UART/UART_VIVADO/UART_VIVADO.srcs/sources_1/imports/new/uart_rx_o.v] -no_script -reset -force -quiet
remove_files  C:/Users/c18560/Documents/Carem/DYV/DV_GIT/UART/UART_VIVADO/UART_VIVADO.srcs/sources_1/imports/new/uart_rx_o.v
exit
INFO: [Common 17-206] Exiting Vivado at Thu May  2 16:43:20 2019...
